0 info it worked if it ends with ok
1 verbose cli [ 'C:\\Program Files\\nodejs\\node.exe',
1 verbose cli   'C:\\Program Files\\nodejs\\node_modules\\npm\\bin\\npm-cli.js',
1 verbose cli   'run',
1 verbose cli   'build' ]
2 info using npm@3.10.10
3 info using node@v6.11.0
4 verbose run-script [ 'prebuild', 'build', 'postbuild' ]
5 info lifecycle twitter-web-night-mode@0.0.17~prebuild: twitter-web-night-mode@0.0.17
6 silly lifecycle twitter-web-night-mode@0.0.17~prebuild: no script for prebuild, continuing
7 info lifecycle twitter-web-night-mode@0.0.17~build: twitter-web-night-mode@0.0.17
8 verbose lifecycle twitter-web-night-mode@0.0.17~build: unsafe-perm in lifecycle true
9 verbose lifecycle twitter-web-night-mode@0.0.17~build: PATH: C:\Program Files\nodejs\node_modules\npm\bin\node-gyp-bin;C:\Users\Stewa\documents\code\javascript\chrome extensions\twitter-web-night-mode\node_modules\.bin;C:\Python36\Scripts\;C:\Python36\;C:\Program Files (x86)\Intel\iCLS Client\;C:\Program Files\Intel\iCLS Client\;C:\Windows\system32;C:\Windows;C:\Windows\System32\Wbem;C:\Windows\System32\WindowsPowerShell\v1.0\;C:\Program Files (x86)\Intel\Intel(R) Management Engine Components\DAL;C:\Program Files\Intel\Intel(R) Management Engine Components\DAL;C:\Program Files (x86)\Intel\Intel(R) Management Engine Components\IPT;C:\Program Files\Intel\Intel(R) Management Engine Components\IPT;C:\ProgramData\chocolatey\bin;C:\Program Files\Git\cmd;C:\Program Files\Intel\WiFi\bin\;C:\Program Files\Common Files\Intel\WirelessCommon\;C:\Program Files (x86)\PuTTY\;C:\Program Files (x86)\GtkSharp\2.12\bin;C:\Program Files\nodejs\;C:\RailsInstaller\Ruby2.3.0\bin;C:\Python27;C:\Users\Stewa\AppData\Local\Microsoft\WindowsApps;C:\Users\Stewa\AppData\Local\atom\bin;C:\Program Files\PostgreSQL\9.6\bin;C:\Program Files\Heroku\bin;C:\MinGW\bin;C:\Program Files\Java\jdk1.8.0_131\bin;C:\Users\Stewa\AppData\Roaming\npm
10 verbose lifecycle twitter-web-night-mode@0.0.17~build: CWD: C:\Users\Stewa\documents\code\javascript\chrome extensions\twitter-web-night-mode
11 silly lifecycle twitter-web-night-mode@0.0.17~build: Args: [ '/d /s /c', 'node_modules/gulp/bin/gulp.js' ]
12 silly lifecycle twitter-web-night-mode@0.0.17~build: Returned: code: 1  signal: null
13 info lifecycle twitter-web-night-mode@0.0.17~build: Failed to exec build script
14 verbose stack Error: twitter-web-night-mode@0.0.17 build: `node_modules/gulp/bin/gulp.js`
14 verbose stack Exit status 1
14 verbose stack     at EventEmitter.<anonymous> (C:\Program Files\nodejs\node_modules\npm\lib\utils\lifecycle.js:255:16)
14 verbose stack     at emitTwo (events.js:106:13)
14 verbose stack     at EventEmitter.emit (events.js:191:7)
14 verbose stack     at ChildProcess.<anonymous> (C:\Program Files\nodejs\node_modules\npm\lib\utils\spawn.js:40:14)
14 verbose stack     at emitTwo (events.js:106:13)
14 verbose stack     at ChildProcess.emit (events.js:191:7)
14 verbose stack     at maybeClose (internal/child_process.js:891:16)
14 verbose stack     at Process.ChildProcess._handle.onexit (internal/child_process.js:226:5)
15 verbose pkgid twitter-web-night-mode@0.0.17
16 verbose cwd C:\Users\Stewa\documents\code\javascript\chrome extensions\twitter-web-night-mode
17 error Windows_NT 10.0.14393
18 error argv "C:\\Program Files\\nodejs\\node.exe" "C:\\Program Files\\nodejs\\node_modules\\npm\\bin\\npm-cli.js" "run" "build"
19 error node v6.11.0
20 error npm  v3.10.10
21 error code ELIFECYCLE
22 error twitter-web-night-mode@0.0.17 build: `node_modules/gulp/bin/gulp.js`
22 error Exit status 1
23 error Failed at the twitter-web-night-mode@0.0.17 build script 'node_modules/gulp/bin/gulp.js'.
23 error Make sure you have the latest version of node.js and npm installed.
23 error If you do, this is most likely a problem with the twitter-web-night-mode package,
23 error not with npm itself.
23 error Tell the author that this fails on your system:
23 error     node_modules/gulp/bin/gulp.js
23 error You can get information on how to open an issue for this project with:
23 error     npm bugs twitter-web-night-mode
23 error Or if that isn't available, you can get their info via:
23 error     npm owner ls twitter-web-night-mode
23 error There is likely additional logging output above.
24 verbose exit [ 1, true ]
